<?xml version="1.0" encoding="UTF-8"?>
<!-- Generated by org.testng.reporters.JUnitReportReporter -->
<testsuite hostname="kavith-VAIO" failures="0" tests="2" name="tests.SampleClass" time="62.981" errors="0" timestamp="2020-11-30T19:51:35 IST" skipped="0">
  <testcase classname="tests.SampleClass" name="one_W3SchoolsestMethod2" time="29.971"/>
  <system-out/>
  <testcase classname="tests.SampleClass" name="one_W3SchoolsestMethod1" time="33.010"/>
  <system-out/>
</testsuite> <!-- tests.SampleClass -->
