<?xml version="1.0" encoding="UTF-8"?>
<!-- Generated by org.testng.reporters.JUnitReportReporter -->
<testsuite skipped="0" hostname="SJAIN16" name="tests.samplelabda" tests="1" failures="0" timestamp="14 Dec 2020 07:33:59 GMT" time="0.069" errors="0">
  <testcase name="testmthod" time="0.069" classname="tests.samplelabda"/>
</testsuite> <!-- tests.samplelabda -->
