<?xml version="1.0" encoding="UTF-8"?>
<!-- Generated by org.testng.reporters.JUnitReportReporter -->
<testsuite skipped="0" hostname="SJAIN16"
	name="tests.samplelabda" tests="1" failures="0"
	timestamp="23 Dec 2020 06:21:31 GMT" time="11.111" errors="0">
	<testcase name="testmthod" time="11.111"
		classname="tests.samplelabda" />
</testsuite> <!-- tests.samplelabda -->
